<?xml version="1.0" encoding="UTF-8"?>
<testng-results ignored="0" total="1" passed="1" failed="0" skipped="0">
  <reporter-output>
  </reporter-output>
  <suite started-at="2025-05-29T19:17:43 IST" name="Default suite" finished-at="2025-05-29T19:17:43 IST" duration-ms="359">
    <groups>
    </groups>
    <test started-at="2025-05-29T19:17:43 IST" name="Default test" finished-at="2025-05-29T19:17:43 IST" duration-ms="359">
      <class name="testng.TestNG">
        <test-method signature="testcase1()[pri:0, instance:testng.TestNG@2d3379b4]" started-at="2025-05-29T19:17:43 IST" name="testcase1" finished-at="2025-05-29T19:17:43 IST" duration-ms="39" status="PASS">
          <reporter-output>
          </reporter-output>
        </test-method> <!-- testcase1 -->
      </class> <!-- testng.TestNG -->
    </test> <!-- Default test -->
  </suite> <!-- Default suite -->
</testng-results>
